2023-12-06 09:29:57.641 | com.example.Product.ServerInitializer.init(ServerInitializer.java:81) |  - [info]: Inicializando Aplicação
2023-12-06 09:29:57.651 | com.example.Product.ServerInitializer.buildConfiguration(ServerInitializer.java:40) |  - [info]: Carregando configurações
2023-12-06 09:29:57.659 | com.example.Product.ServerInitializer.buildConfiguration(ServerInitializer.java:42) |  - [info]: Configurações carregadas
2023-12-06 09:29:57.659 | com.example.Product.ServerInitializer.buildConfiguration(ServerInitializer.java:43) |  - [info]: Versão: 2.0.0.05
2023-12-06 09:29:57.659 | com.example.Product.ServerInitializer.logConfig(ServerInitializer.java:49) |  - [info]: db.type: Postgres
2023-12-06 09:29:57.660 | com.example.Product.ServerInitializer.logConfig(ServerInitializer.java:50) |  - [info]: db.host: localhost
2023-12-06 09:29:57.660 | com.example.Product.ServerInitializer.logConfig(ServerInitializer.java:51) |  - [info]: db.port: 5433
2023-12-06 09:29:57.660 | com.example.Product.ServerInitializer.logConfig(ServerInitializer.java:52) |  - [info]: db.name: postgres
2023-12-06 09:29:57.660 | com.example.Product.ServerInitializer.logConfig(ServerInitializer.java:53) |  - [info]: db.user: postgres
2023-12-06 09:29:57.660 | com.example.Product.ServerInitializer.logConfig(ServerInitializer.java:54) |  - [info]: db.tnsName: null
2023-12-06 09:29:57.661 | com.example.Product.ServerInitializer.logConfig(ServerInitializer.java:55) |  - [info]: db.serviceName: 
2023-12-06 09:29:57.661 | com.example.Product.ServerInitializer.logConfig(ServerInitializer.java:56) |  - [info]: db.instance: 
2023-12-06 09:29:57.661 | com.example.Product.ServerInitializer.logConfig(ServerInitializer.java:57) |  - [info]: db.maxConnections: 5
2023-12-06 09:29:57.661 | com.example.Product.ServerInitializer.logParalelismConfig(ServerInitializer.java:65) |  - [info]: Máximo de conexões: 5
2023-12-06 09:29:57.661 | com.example.Product.ServerInitializer.logParalelismConfig(ServerInitializer.java:66) |  - [info]: Núcleos lógicos: 4
2023-12-06 09:29:57.662 | com.example.Product.ServerInitializer.buildConnections(ServerInitializer.java:75) |  - [info]: Criando pool de conexões
2023-12-06 09:29:58.340 | com.example.Product.ServerInitializer.buildConnections(ServerInitializer.java:77) |  - [info]: Pool de conexões inicializado
2023-12-06 09:29:58.352 | com.example.Product.ServerInitializer.onStart(ServerInitializer.java:97) |  - [info]: Transaction Isolation: read committed
2023-12-06 09:29:58.352 | com.example.Product.ServerInitializer.init(ServerInitializer.java:88) |  - [info]: Aplicação inicializada
2023-12-06 09:51:48.580 | com.example.Product.ServerInitializer.init(ServerInitializer.java:81) |  - [info]: Inicializando Aplicação
2023-12-06 09:51:48.588 | com.example.Product.ServerInitializer.buildConfiguration(ServerInitializer.java:40) |  - [info]: Carregando configurações
2023-12-06 09:51:48.595 | com.example.Product.ServerInitializer.buildConfiguration(ServerInitializer.java:42) |  - [info]: Configurações carregadas
2023-12-06 09:51:48.596 | com.example.Product.ServerInitializer.buildConfiguration(ServerInitializer.java:43) |  - [info]: Versão: 2.0.0.05
2023-12-06 09:51:48.596 | com.example.Product.ServerInitializer.logConfig(ServerInitializer.java:49) |  - [info]: db.type: Postgres
2023-12-06 09:51:48.596 | com.example.Product.ServerInitializer.logConfig(ServerInitializer.java:50) |  - [info]: db.host: localhost
2023-12-06 09:51:48.597 | com.example.Product.ServerInitializer.logConfig(ServerInitializer.java:51) |  - [info]: db.port: 5433
2023-12-06 09:51:48.597 | com.example.Product.ServerInitializer.logConfig(ServerInitializer.java:52) |  - [info]: db.name: postgres
2023-12-06 09:51:48.597 | com.example.Product.ServerInitializer.logConfig(ServerInitializer.java:53) |  - [info]: db.user: postgres
2023-12-06 09:51:48.597 | com.example.Product.ServerInitializer.logConfig(ServerInitializer.java:54) |  - [info]: db.tnsName: null
2023-12-06 09:51:48.597 | com.example.Product.ServerInitializer.logConfig(ServerInitializer.java:55) |  - [info]: db.serviceName: 
2023-12-06 09:51:48.598 | com.example.Product.ServerInitializer.logConfig(ServerInitializer.java:56) |  - [info]: db.instance: 
2023-12-06 09:51:48.598 | com.example.Product.ServerInitializer.logConfig(ServerInitializer.java:57) |  - [info]: db.maxConnections: 5
2023-12-06 09:51:48.598 | com.example.Product.ServerInitializer.logParalelismConfig(ServerInitializer.java:65) |  - [info]: Máximo de conexões: 5
2023-12-06 09:51:48.598 | com.example.Product.ServerInitializer.logParalelismConfig(ServerInitializer.java:66) |  - [info]: Núcleos lógicos: 4
2023-12-06 09:51:48.599 | com.example.Product.ServerInitializer.buildConnections(ServerInitializer.java:75) |  - [info]: Criando pool de conexões
2023-12-06 09:51:49.159 | com.example.Product.ServerInitializer.buildConnections(ServerInitializer.java:77) |  - [info]: Pool de conexões inicializado
2023-12-06 09:51:49.164 | com.example.Product.ServerInitializer.onStart(ServerInitializer.java:97) |  - [info]: Transaction Isolation: read committed
2023-12-06 09:51:49.164 | com.example.Product.ServerInitializer.init(ServerInitializer.java:88) |  - [info]: Aplicação inicializada
2023-12-06 10:18:21.179 | com.example.Product.ServerInitializer.init(ServerInitializer.java:81) |  - [info]: Inicializando Aplicação
2023-12-06 10:18:21.187 | com.example.Product.ServerInitializer.buildConfiguration(ServerInitializer.java:40) |  - [info]: Carregando configurações
2023-12-06 10:18:21.194 | com.example.Product.ServerInitializer.buildConfiguration(ServerInitializer.java:42) |  - [info]: Configurações carregadas
2023-12-06 10:18:21.194 | com.example.Product.ServerInitializer.buildConfiguration(ServerInitializer.java:43) |  - [info]: Versão: 2.0.0.05
2023-12-06 10:18:21.194 | com.example.Product.ServerInitializer.logConfig(ServerInitializer.java:49) |  - [info]: db.type: Postgres
2023-12-06 10:18:21.194 | com.example.Product.ServerInitializer.logConfig(ServerInitializer.java:50) |  - [info]: db.host: localhost
2023-12-06 10:18:21.195 | com.example.Product.ServerInitializer.logConfig(ServerInitializer.java:51) |  - [info]: db.port: 5433
2023-12-06 10:18:21.195 | com.example.Product.ServerInitializer.logConfig(ServerInitializer.java:52) |  - [info]: db.name: postgres
2023-12-06 10:18:21.195 | com.example.Product.ServerInitializer.logConfig(ServerInitializer.java:53) |  - [info]: db.user: postgres
2023-12-06 10:18:21.195 | com.example.Product.ServerInitializer.logConfig(ServerInitializer.java:54) |  - [info]: db.tnsName: null
2023-12-06 10:18:21.196 | com.example.Product.ServerInitializer.logConfig(ServerInitializer.java:55) |  - [info]: db.serviceName: 
2023-12-06 10:18:21.196 | com.example.Product.ServerInitializer.logConfig(ServerInitializer.java:56) |  - [info]: db.instance: 
2023-12-06 10:18:21.196 | com.example.Product.ServerInitializer.logConfig(ServerInitializer.java:57) |  - [info]: db.maxConnections: 5
2023-12-06 10:18:21.196 | com.example.Product.ServerInitializer.logParalelismConfig(ServerInitializer.java:65) |  - [info]: Máximo de conexões: 5
2023-12-06 10:18:21.196 | com.example.Product.ServerInitializer.logParalelismConfig(ServerInitializer.java:66) |  - [info]: Núcleos lógicos: 4
2023-12-06 10:18:21.197 | com.example.Product.ServerInitializer.buildConnections(ServerInitializer.java:75) |  - [info]: Criando pool de conexões
2023-12-06 10:18:21.521 | com.example.Product.ServerInitializer.buildConnections(ServerInitializer.java:77) |  - [info]: Pool de conexões inicializado
2023-12-06 10:18:21.526 | com.example.Product.ServerInitializer.onStart(ServerInitializer.java:97) |  - [info]: Transaction Isolation: read committed
2023-12-06 10:18:21.526 | com.example.Product.ServerInitializer.init(ServerInitializer.java:88) |  - [info]: Aplicação inicializada
2023-12-06 10:22:13.123 | com.example.Product.ServerInitializer.init(ServerInitializer.java:81) |  - [info]: Inicializando Aplicação
2023-12-06 10:22:13.131 | com.example.Product.ServerInitializer.buildConfiguration(ServerInitializer.java:40) |  - [info]: Carregando configurações
2023-12-06 10:22:13.138 | com.example.Product.ServerInitializer.buildConfiguration(ServerInitializer.java:42) |  - [info]: Configurações carregadas
2023-12-06 10:22:13.138 | com.example.Product.ServerInitializer.buildConfiguration(ServerInitializer.java:43) |  - [info]: Versão: 2.0.0.05
2023-12-06 10:22:13.139 | com.example.Product.ServerInitializer.logConfig(ServerInitializer.java:49) |  - [info]: db.type: Postgres
2023-12-06 10:22:13.139 | com.example.Product.ServerInitializer.logConfig(ServerInitializer.java:50) |  - [info]: db.host: localhost
2023-12-06 10:22:13.139 | com.example.Product.ServerInitializer.logConfig(ServerInitializer.java:51) |  - [info]: db.port: 5433
2023-12-06 10:22:13.139 | com.example.Product.ServerInitializer.logConfig(ServerInitializer.java:52) |  - [info]: db.name: postgres
2023-12-06 10:22:13.140 | com.example.Product.ServerInitializer.logConfig(ServerInitializer.java:53) |  - [info]: db.user: postgres
2023-12-06 10:22:13.140 | com.example.Product.ServerInitializer.logConfig(ServerInitializer.java:54) |  - [info]: db.tnsName: null
2023-12-06 10:22:13.140 | com.example.Product.ServerInitializer.logConfig(ServerInitializer.java:55) |  - [info]: db.serviceName: 
2023-12-06 10:22:13.140 | com.example.Product.ServerInitializer.logConfig(ServerInitializer.java:56) |  - [info]: db.instance: 
2023-12-06 10:22:13.140 | com.example.Product.ServerInitializer.logConfig(ServerInitializer.java:57) |  - [info]: db.maxConnections: 5
2023-12-06 10:22:13.141 | com.example.Product.ServerInitializer.logParalelismConfig(ServerInitializer.java:65) |  - [info]: Máximo de conexões: 5
2023-12-06 10:22:13.141 | com.example.Product.ServerInitializer.logParalelismConfig(ServerInitializer.java:66) |  - [info]: Núcleos lógicos: 4
2023-12-06 10:22:13.141 | com.example.Product.ServerInitializer.buildConnections(ServerInitializer.java:75) |  - [info]: Criando pool de conexões
2023-12-06 10:22:13.474 | com.example.Product.ServerInitializer.buildConnections(ServerInitializer.java:77) |  - [info]: Pool de conexões inicializado
2023-12-06 10:22:13.478 | com.example.Product.ServerInitializer.onStart(ServerInitializer.java:97) |  - [info]: Transaction Isolation: read committed
2023-12-06 10:22:13.478 | com.example.Product.ServerInitializer.init(ServerInitializer.java:88) |  - [info]: Aplicação inicializada
2023-12-06 10:29:59.554 | com.example.Product.ServerInitializer.init(ServerInitializer.java:81) |  - [info]: Inicializando Aplicação
2023-12-06 10:29:59.563 | com.example.Product.ServerInitializer.buildConfiguration(ServerInitializer.java:40) |  - [info]: Carregando configurações
2023-12-06 10:29:59.570 | com.example.Product.ServerInitializer.buildConfiguration(ServerInitializer.java:42) |  - [info]: Configurações carregadas
2023-12-06 10:29:59.571 | com.example.Product.ServerInitializer.buildConfiguration(ServerInitializer.java:43) |  - [info]: Versão: 2.0.0.05
2023-12-06 10:29:59.571 | com.example.Product.ServerInitializer.logConfig(ServerInitializer.java:49) |  - [info]: db.type: Postgres
2023-12-06 10:29:59.571 | com.example.Product.ServerInitializer.logConfig(ServerInitializer.java:50) |  - [info]: db.host: localhost
2023-12-06 10:29:59.571 | com.example.Product.ServerInitializer.logConfig(ServerInitializer.java:51) |  - [info]: db.port: 5433
2023-12-06 10:29:59.572 | com.example.Product.ServerInitializer.logConfig(ServerInitializer.java:52) |  - [info]: db.name: postgres
2023-12-06 10:29:59.573 | com.example.Product.ServerInitializer.logConfig(ServerInitializer.java:53) |  - [info]: db.user: postgres
2023-12-06 10:29:59.573 | com.example.Product.ServerInitializer.logConfig(ServerInitializer.java:54) |  - [info]: db.tnsName: null
2023-12-06 10:29:59.573 | com.example.Product.ServerInitializer.logConfig(ServerInitializer.java:55) |  - [info]: db.serviceName: 
2023-12-06 10:29:59.573 | com.example.Product.ServerInitializer.logConfig(ServerInitializer.java:56) |  - [info]: db.instance: 
2023-12-06 10:29:59.574 | com.example.Product.ServerInitializer.logConfig(ServerInitializer.java:57) |  - [info]: db.maxConnections: 5
2023-12-06 10:29:59.574 | com.example.Product.ServerInitializer.logParalelismConfig(ServerInitializer.java:65) |  - [info]: Máximo de conexões: 5
2023-12-06 10:29:59.574 | com.example.Product.ServerInitializer.logParalelismConfig(ServerInitializer.java:66) |  - [info]: Núcleos lógicos: 4
2023-12-06 10:29:59.574 | com.example.Product.ServerInitializer.buildConnections(ServerInitializer.java:75) |  - [info]: Criando pool de conexões
2023-12-06 10:29:59.935 | com.example.Product.ServerInitializer.buildConnections(ServerInitializer.java:77) |  - [info]: Pool de conexões inicializado
2023-12-06 10:29:59.939 | com.example.Product.ServerInitializer.onStart(ServerInitializer.java:97) |  - [info]: Transaction Isolation: read committed
2023-12-06 10:29:59.939 | com.example.Product.ServerInitializer.init(ServerInitializer.java:88) |  - [info]: Aplicação inicializada
2023-12-06 11:10:07.241 | com.example.Product.ServerInitializer.init(ServerInitializer.java:81) |  - [info]: Inicializando Aplicação
2023-12-06 11:10:07.248 | com.example.Product.ServerInitializer.buildConfiguration(ServerInitializer.java:40) |  - [info]: Carregando configurações
2023-12-06 11:10:07.255 | com.example.Product.ServerInitializer.buildConfiguration(ServerInitializer.java:42) |  - [info]: Configurações carregadas
2023-12-06 11:10:07.256 | com.example.Product.ServerInitializer.buildConfiguration(ServerInitializer.java:43) |  - [info]: Versão: 2.0.0.05
2023-12-06 11:10:07.256 | com.example.Product.ServerInitializer.logConfig(ServerInitializer.java:49) |  - [info]: db.type: Postgres
2023-12-06 11:10:07.256 | com.example.Product.ServerInitializer.logConfig(ServerInitializer.java:50) |  - [info]: db.host: localhost
2023-12-06 11:10:07.256 | com.example.Product.ServerInitializer.logConfig(ServerInitializer.java:51) |  - [info]: db.port: 5433
2023-12-06 11:10:07.257 | com.example.Product.ServerInitializer.logConfig(ServerInitializer.java:52) |  - [info]: db.name: postgres
2023-12-06 11:10:07.257 | com.example.Product.ServerInitializer.logConfig(ServerInitializer.java:53) |  - [info]: db.user: postgres
2023-12-06 11:10:07.257 | com.example.Product.ServerInitializer.logConfig(ServerInitializer.java:54) |  - [info]: db.tnsName: null
2023-12-06 11:10:07.257 | com.example.Product.ServerInitializer.logConfig(ServerInitializer.java:55) |  - [info]: db.serviceName: 
2023-12-06 11:10:07.257 | com.example.Product.ServerInitializer.logConfig(ServerInitializer.java:56) |  - [info]: db.instance: 
2023-12-06 11:10:07.258 | com.example.Product.ServerInitializer.logConfig(ServerInitializer.java:57) |  - [info]: db.maxConnections: 5
2023-12-06 11:10:07.258 | com.example.Product.ServerInitializer.logParalelismConfig(ServerInitializer.java:65) |  - [info]: Máximo de conexões: 5
2023-12-06 11:10:07.258 | com.example.Product.ServerInitializer.logParalelismConfig(ServerInitializer.java:66) |  - [info]: Núcleos lógicos: 4
2023-12-06 11:10:07.258 | com.example.Product.ServerInitializer.buildConnections(ServerInitializer.java:75) |  - [info]: Criando pool de conexões
2023-12-06 11:10:07.593 | com.example.Product.ServerInitializer.buildConnections(ServerInitializer.java:77) |  - [info]: Pool de conexões inicializado
2023-12-06 11:10:07.597 | com.example.Product.ServerInitializer.onStart(ServerInitializer.java:97) |  - [info]: Transaction Isolation: read committed
2023-12-06 11:10:07.597 | com.example.Product.ServerInitializer.init(ServerInitializer.java:88) |  - [info]: Aplicação inicializada
2023-12-06 11:30:36.700 | com.example.Product.ServerInitializer.init(ServerInitializer.java:81) |  - [info]: Inicializando Aplicação
2023-12-06 11:30:36.726 | com.example.Product.ServerInitializer.buildConfiguration(ServerInitializer.java:40) |  - [info]: Carregando configurações
2023-12-06 11:30:36.734 | com.example.Product.ServerInitializer.buildConfiguration(ServerInitializer.java:42) |  - [info]: Configurações carregadas
2023-12-06 11:30:36.735 | com.example.Product.ServerInitializer.buildConfiguration(ServerInitializer.java:43) |  - [info]: Versão: 2.0.0.05
2023-12-06 11:30:36.735 | com.example.Product.ServerInitializer.logConfig(ServerInitializer.java:49) |  - [info]: db.type: Postgres
2023-12-06 11:30:36.735 | com.example.Product.ServerInitializer.logConfig(ServerInitializer.java:50) |  - [info]: db.host: localhost
2023-12-06 11:30:36.736 | com.example.Product.ServerInitializer.logConfig(ServerInitializer.java:51) |  - [info]: db.port: 5433
2023-12-06 11:30:36.736 | com.example.Product.ServerInitializer.logConfig(ServerInitializer.java:52) |  - [info]: db.name: postgres
2023-12-06 11:30:36.736 | com.example.Product.ServerInitializer.logConfig(ServerInitializer.java:53) |  - [info]: db.user: postgres
2023-12-06 11:30:36.736 | com.example.Product.ServerInitializer.logConfig(ServerInitializer.java:54) |  - [info]: db.tnsName: null
2023-12-06 11:30:36.737 | com.example.Product.ServerInitializer.logConfig(ServerInitializer.java:55) |  - [info]: db.serviceName: 
2023-12-06 11:30:36.737 | com.example.Product.ServerInitializer.logConfig(ServerInitializer.java:56) |  - [info]: db.instance: 
2023-12-06 11:30:36.737 | com.example.Product.ServerInitializer.logConfig(ServerInitializer.java:57) |  - [info]: db.maxConnections: 5
2023-12-06 11:30:36.737 | com.example.Product.ServerInitializer.logParalelismConfig(ServerInitializer.java:65) |  - [info]: Máximo de conexões: 5
2023-12-06 11:30:36.737 | com.example.Product.ServerInitializer.logParalelismConfig(ServerInitializer.java:66) |  - [info]: Núcleos lógicos: 4
2023-12-06 11:30:36.738 | com.example.Product.ServerInitializer.buildConnections(ServerInitializer.java:75) |  - [info]: Criando pool de conexões
2023-12-06 11:30:37.124 | com.example.Product.ServerInitializer.buildConnections(ServerInitializer.java:77) |  - [info]: Pool de conexões inicializado
2023-12-06 11:30:37.129 | com.example.Product.ServerInitializer.onStart(ServerInitializer.java:97) |  - [info]: Transaction Isolation: read committed
2023-12-06 11:30:37.129 | com.example.Product.ServerInitializer.init(ServerInitializer.java:88) |  - [info]: Aplicação inicializada
2023-12-06 11:51:43.862 | com.example.Product.ServerInitializer.init(ServerInitializer.java:81) |  - [info]: Inicializando Aplicação
2023-12-06 11:51:43.871 | com.example.Product.ServerInitializer.buildConfiguration(ServerInitializer.java:40) |  - [info]: Carregando configurações
2023-12-06 11:51:43.878 | com.example.Product.ServerInitializer.buildConfiguration(ServerInitializer.java:42) |  - [info]: Configurações carregadas
2023-12-06 11:51:43.879 | com.example.Product.ServerInitializer.buildConfiguration(ServerInitializer.java:43) |  - [info]: Versão: 2.0.0.05
2023-12-06 11:51:43.879 | com.example.Product.ServerInitializer.logConfig(ServerInitializer.java:49) |  - [info]: db.type: Postgres
2023-12-06 11:51:43.879 | com.example.Product.ServerInitializer.logConfig(ServerInitializer.java:50) |  - [info]: db.host: localhost
2023-12-06 11:51:43.879 | com.example.Product.ServerInitializer.logConfig(ServerInitializer.java:51) |  - [info]: db.port: 5433
2023-12-06 11:51:43.880 | com.example.Product.ServerInitializer.logConfig(ServerInitializer.java:52) |  - [info]: db.name: postgres
2023-12-06 11:51:43.880 | com.example.Product.ServerInitializer.logConfig(ServerInitializer.java:53) |  - [info]: db.user: postgres
2023-12-06 11:51:43.880 | com.example.Product.ServerInitializer.logConfig(ServerInitializer.java:54) |  - [info]: db.tnsName: null
2023-12-06 11:51:43.880 | com.example.Product.ServerInitializer.logConfig(ServerInitializer.java:55) |  - [info]: db.serviceName: 
2023-12-06 11:51:43.881 | com.example.Product.ServerInitializer.logConfig(ServerInitializer.java:56) |  - [info]: db.instance: 
2023-12-06 11:51:43.881 | com.example.Product.ServerInitializer.logConfig(ServerInitializer.java:57) |  - [info]: db.maxConnections: 5
2023-12-06 11:51:43.881 | com.example.Product.ServerInitializer.logParalelismConfig(ServerInitializer.java:65) |  - [info]: Máximo de conexões: 5
2023-12-06 11:51:43.881 | com.example.Product.ServerInitializer.logParalelismConfig(ServerInitializer.java:66) |  - [info]: Núcleos lógicos: 4
2023-12-06 11:51:43.882 | com.example.Product.ServerInitializer.buildConnections(ServerInitializer.java:75) |  - [info]: Criando pool de conexões
2023-12-06 11:51:44.345 | com.example.Product.ServerInitializer.buildConnections(ServerInitializer.java:77) |  - [info]: Pool de conexões inicializado
2023-12-06 11:51:44.350 | com.example.Product.ServerInitializer.onStart(ServerInitializer.java:97) |  - [info]: Transaction Isolation: read committed
2023-12-06 11:51:44.350 | com.example.Product.ServerInitializer.init(ServerInitializer.java:88) |  - [info]: Aplicação inicializada
2023-12-06 11:54:04.241 | com.example.Product.ServerInitializer.init(ServerInitializer.java:81) |  - [info]: Inicializando Aplicação
2023-12-06 11:54:04.249 | com.example.Product.ServerInitializer.buildConfiguration(ServerInitializer.java:40) |  - [info]: Carregando configurações
2023-12-06 11:54:15.472 | com.example.Product.ServerInitializer.init(ServerInitializer.java:81) |  - [info]: Inicializando Aplicação
2023-12-06 11:54:15.480 | com.example.Product.ServerInitializer.buildConfiguration(ServerInitializer.java:40) |  - [info]: Carregando configurações
2023-12-06 11:54:15.487 | com.example.Product.ServerInitializer.buildConfiguration(ServerInitializer.java:42) |  - [info]: Configurações carregadas
2023-12-06 11:54:15.487 | com.example.Product.ServerInitializer.buildConfiguration(ServerInitializer.java:43) |  - [info]: Versão: 2.0.0.05
2023-12-06 11:54:15.488 | com.example.Product.ServerInitializer.logConfig(ServerInitializer.java:49) |  - [info]: db.type: Postgres
2023-12-06 11:54:15.488 | com.example.Product.ServerInitializer.logConfig(ServerInitializer.java:50) |  - [info]: db.host: localhost
2023-12-06 11:54:15.488 | com.example.Product.ServerInitializer.logConfig(ServerInitializer.java:51) |  - [info]: db.port: 5433
2023-12-06 11:54:15.488 | com.example.Product.ServerInitializer.logConfig(ServerInitializer.java:52) |  - [info]: db.name: postgres
2023-12-06 11:54:15.488 | com.example.Product.ServerInitializer.logConfig(ServerInitializer.java:53) |  - [info]: db.user: postgres
2023-12-06 11:54:15.489 | com.example.Product.ServerInitializer.logConfig(ServerInitializer.java:54) |  - [info]: db.tnsName: null
2023-12-06 11:54:15.489 | com.example.Product.ServerInitializer.logConfig(ServerInitializer.java:55) |  - [info]: db.serviceName: 
2023-12-06 11:54:15.489 | com.example.Product.ServerInitializer.logConfig(ServerInitializer.java:56) |  - [info]: db.instance: 
2023-12-06 11:54:15.489 | com.example.Product.ServerInitializer.logConfig(ServerInitializer.java:57) |  - [info]: db.maxConnections: 5
2023-12-06 11:54:15.490 | com.example.Product.ServerInitializer.logParalelismConfig(ServerInitializer.java:65) |  - [info]: Máximo de conexões: 5
2023-12-06 11:54:15.490 | com.example.Product.ServerInitializer.logParalelismConfig(ServerInitializer.java:66) |  - [info]: Núcleos lógicos: 4
2023-12-06 11:54:15.490 | com.example.Product.ServerInitializer.buildConnections(ServerInitializer.java:75) |  - [info]: Criando pool de conexões
2023-12-06 11:54:15.929 | com.example.Product.ServerInitializer.buildConnections(ServerInitializer.java:77) |  - [info]: Pool de conexões inicializado
2023-12-06 11:54:15.933 | com.example.Product.ServerInitializer.onStart(ServerInitializer.java:97) |  - [info]: Transaction Isolation: read committed
2023-12-06 11:54:15.934 | com.example.Product.ServerInitializer.init(ServerInitializer.java:88) |  - [info]: Aplicação inicializada
2023-12-06 11:56:27.287 | com.example.Product.ServerInitializer.init(ServerInitializer.java:81) |  - [info]: Inicializando Aplicação
2023-12-06 11:56:27.296 | com.example.Product.ServerInitializer.buildConfiguration(ServerInitializer.java:40) |  - [info]: Carregando configurações
2023-12-06 11:56:27.305 | com.example.Product.ServerInitializer.buildConfiguration(ServerInitializer.java:42) |  - [info]: Configurações carregadas
2023-12-06 11:56:27.305 | com.example.Product.ServerInitializer.buildConfiguration(ServerInitializer.java:43) |  - [info]: Versão: 2.0.0.05
2023-12-06 11:56:27.306 | com.example.Product.ServerInitializer.logConfig(ServerInitializer.java:49) |  - [info]: db.type: Postgres
2023-12-06 11:56:27.306 | com.example.Product.ServerInitializer.logConfig(ServerInitializer.java:50) |  - [info]: db.host: localhost
2023-12-06 11:56:27.306 | com.example.Product.ServerInitializer.logConfig(ServerInitializer.java:51) |  - [info]: db.port: 5433
2023-12-06 11:56:27.306 | com.example.Product.ServerInitializer.logConfig(ServerInitializer.java:52) |  - [info]: db.name: postgres
2023-12-06 11:56:27.308 | com.example.Product.ServerInitializer.logConfig(ServerInitializer.java:53) |  - [info]: db.user: postgres
2023-12-06 11:56:27.308 | com.example.Product.ServerInitializer.logConfig(ServerInitializer.java:54) |  - [info]: db.tnsName: null
2023-12-06 11:56:27.309 | com.example.Product.ServerInitializer.logConfig(ServerInitializer.java:55) |  - [info]: db.serviceName: 
2023-12-06 11:56:27.309 | com.example.Product.ServerInitializer.logConfig(ServerInitializer.java:56) |  - [info]: db.instance: 
2023-12-06 11:56:27.309 | com.example.Product.ServerInitializer.logConfig(ServerInitializer.java:57) |  - [info]: db.maxConnections: 5
2023-12-06 11:56:27.309 | com.example.Product.ServerInitializer.logParalelismConfig(ServerInitializer.java:65) |  - [info]: Máximo de conexões: 5
2023-12-06 11:56:27.309 | com.example.Product.ServerInitializer.logParalelismConfig(ServerInitializer.java:66) |  - [info]: Núcleos lógicos: 4
2023-12-06 11:56:27.310 | com.example.Product.ServerInitializer.buildConnections(ServerInitializer.java:75) |  - [info]: Criando pool de conexões
2023-12-06 11:56:27.685 | com.example.Product.ServerInitializer.buildConnections(ServerInitializer.java:77) |  - [info]: Pool de conexões inicializado
2023-12-06 11:56:27.689 | com.example.Product.ServerInitializer.onStart(ServerInitializer.java:97) |  - [info]: Transaction Isolation: read committed
2023-12-06 11:56:27.690 | com.example.Product.ServerInitializer.init(ServerInitializer.java:88) |  - [info]: Aplicação inicializada
2023-12-06 12:00:09.364 | com.example.Product.ServerInitializer.init(ServerInitializer.java:81) |  - [info]: Inicializando Aplicação
2023-12-06 12:00:09.373 | com.example.Product.ServerInitializer.buildConfiguration(ServerInitializer.java:40) |  - [info]: Carregando configurações
2023-12-06 12:00:09.382 | com.example.Product.ServerInitializer.buildConfiguration(ServerInitializer.java:42) |  - [info]: Configurações carregadas
2023-12-06 12:00:09.382 | com.example.Product.ServerInitializer.buildConfiguration(ServerInitializer.java:43) |  - [info]: Versão: 2.0.0.05
2023-12-06 12:00:09.382 | com.example.Product.ServerInitializer.logConfig(ServerInitializer.java:49) |  - [info]: db.type: Postgres
2023-12-06 12:00:09.383 | com.example.Product.ServerInitializer.logConfig(ServerInitializer.java:50) |  - [info]: db.host: localhost
2023-12-06 12:00:09.383 | com.example.Product.ServerInitializer.logConfig(ServerInitializer.java:51) |  - [info]: db.port: 5433
2023-12-06 12:00:09.383 | com.example.Product.ServerInitializer.logConfig(ServerInitializer.java:52) |  - [info]: db.name: postgres
2023-12-06 12:00:09.383 | com.example.Product.ServerInitializer.logConfig(ServerInitializer.java:53) |  - [info]: db.user: postgres
2023-12-06 12:00:09.384 | com.example.Product.ServerInitializer.logConfig(ServerInitializer.java:54) |  - [info]: db.tnsName: null
2023-12-06 12:00:09.384 | com.example.Product.ServerInitializer.logConfig(ServerInitializer.java:55) |  - [info]: db.serviceName: 
2023-12-06 12:00:09.384 | com.example.Product.ServerInitializer.logConfig(ServerInitializer.java:56) |  - [info]: db.instance: 
2023-12-06 12:00:09.385 | com.example.Product.ServerInitializer.logConfig(ServerInitializer.java:57) |  - [info]: db.maxConnections: 5
2023-12-06 12:00:09.385 | com.example.Product.ServerInitializer.logParalelismConfig(ServerInitializer.java:65) |  - [info]: Máximo de conexões: 5
2023-12-06 12:00:09.386 | com.example.Product.ServerInitializer.logParalelismConfig(ServerInitializer.java:66) |  - [info]: Núcleos lógicos: 4
2023-12-06 12:00:09.386 | com.example.Product.ServerInitializer.buildConnections(ServerInitializer.java:75) |  - [info]: Criando pool de conexões
2023-12-06 12:00:09.779 | com.example.Product.ServerInitializer.buildConnections(ServerInitializer.java:77) |  - [info]: Pool de conexões inicializado
2023-12-06 12:00:09.784 | com.example.Product.ServerInitializer.onStart(ServerInitializer.java:97) |  - [info]: Transaction Isolation: read committed
2023-12-06 12:00:09.784 | com.example.Product.ServerInitializer.init(ServerInitializer.java:88) |  - [info]: Aplicação inicializada
2023-12-06 12:00:54.081 | com.example.Product.ServerInitializer.init(ServerInitializer.java:81) |  - [info]: Inicializando Aplicação
2023-12-06 12:00:54.090 | com.example.Product.ServerInitializer.buildConfiguration(ServerInitializer.java:40) |  - [info]: Carregando configurações
2023-12-06 12:00:54.097 | com.example.Product.ServerInitializer.buildConfiguration(ServerInitializer.java:42) |  - [info]: Configurações carregadas
2023-12-06 12:00:54.097 | com.example.Product.ServerInitializer.buildConfiguration(ServerInitializer.java:43) |  - [info]: Versão: 2.0.0.05
2023-12-06 12:00:54.098 | com.example.Product.ServerInitializer.logConfig(ServerInitializer.java:49) |  - [info]: db.type: Postgres
2023-12-06 12:00:54.098 | com.example.Product.ServerInitializer.logConfig(ServerInitializer.java:50) |  - [info]: db.host: localhost
2023-12-06 12:00:54.098 | com.example.Product.ServerInitializer.logConfig(ServerInitializer.java:51) |  - [info]: db.port: 5433
2023-12-06 12:00:54.098 | com.example.Product.ServerInitializer.logConfig(ServerInitializer.java:52) |  - [info]: db.name: postgres
2023-12-06 12:00:54.099 | com.example.Product.ServerInitializer.logConfig(ServerInitializer.java:53) |  - [info]: db.user: postgres
2023-12-06 12:00:54.099 | com.example.Product.ServerInitializer.logConfig(ServerInitializer.java:54) |  - [info]: db.tnsName: null
2023-12-06 12:00:54.099 | com.example.Product.ServerInitializer.logConfig(ServerInitializer.java:55) |  - [info]: db.serviceName: 
2023-12-06 12:00:54.099 | com.example.Product.ServerInitializer.logConfig(ServerInitializer.java:56) |  - [info]: db.instance: 
2023-12-06 12:00:54.100 | com.example.Product.ServerInitializer.logConfig(ServerInitializer.java:57) |  - [info]: db.maxConnections: 5
2023-12-06 12:00:54.100 | com.example.Product.ServerInitializer.logParalelismConfig(ServerInitializer.java:65) |  - [info]: Máximo de conexões: 5
2023-12-06 12:00:54.100 | com.example.Product.ServerInitializer.logParalelismConfig(ServerInitializer.java:66) |  - [info]: Núcleos lógicos: 4
2023-12-06 12:00:54.100 | com.example.Product.ServerInitializer.buildConnections(ServerInitializer.java:75) |  - [info]: Criando pool de conexões
2023-12-06 12:00:54.586 | com.example.Product.ServerInitializer.buildConnections(ServerInitializer.java:77) |  - [info]: Pool de conexões inicializado
2023-12-06 12:00:54.591 | com.example.Product.ServerInitializer.onStart(ServerInitializer.java:97) |  - [info]: Transaction Isolation: read committed
2023-12-06 12:00:54.591 | com.example.Product.ServerInitializer.init(ServerInitializer.java:88) |  - [info]: Aplicação inicializada
2023-12-06 12:03:06.867 | com.example.Product.ServerInitializer.init(ServerInitializer.java:81) |  - [info]: Inicializando Aplicação
2023-12-06 12:03:06.874 | com.example.Product.ServerInitializer.buildConfiguration(ServerInitializer.java:40) |  - [info]: Carregando configurações
2023-12-06 12:03:06.882 | com.example.Product.ServerInitializer.buildConfiguration(ServerInitializer.java:42) |  - [info]: Configurações carregadas
2023-12-06 12:03:06.882 | com.example.Product.ServerInitializer.buildConfiguration(ServerInitializer.java:43) |  - [info]: Versão: 2.0.0.05
2023-12-06 12:03:06.883 | com.example.Product.ServerInitializer.logConfig(ServerInitializer.java:49) |  - [info]: db.type: Postgres
2023-12-06 12:03:06.883 | com.example.Product.ServerInitializer.logConfig(ServerInitializer.java:50) |  - [info]: db.host: localhost
2023-12-06 12:03:06.883 | com.example.Product.ServerInitializer.logConfig(ServerInitializer.java:51) |  - [info]: db.port: 5433
2023-12-06 12:03:06.883 | com.example.Product.ServerInitializer.logConfig(ServerInitializer.java:52) |  - [info]: db.name: postgres
2023-12-06 12:03:06.883 | com.example.Product.ServerInitializer.logConfig(ServerInitializer.java:53) |  - [info]: db.user: postgres
2023-12-06 12:03:06.884 | com.example.Product.ServerInitializer.logConfig(ServerInitializer.java:54) |  - [info]: db.tnsName: null
2023-12-06 12:03:06.884 | com.example.Product.ServerInitializer.logConfig(ServerInitializer.java:55) |  - [info]: db.serviceName: 
2023-12-06 12:03:06.884 | com.example.Product.ServerInitializer.logConfig(ServerInitializer.java:56) |  - [info]: db.instance: 
2023-12-06 12:03:06.884 | com.example.Product.ServerInitializer.logConfig(ServerInitializer.java:57) |  - [info]: db.maxConnections: 5
2023-12-06 12:03:06.885 | com.example.Product.ServerInitializer.logParalelismConfig(ServerInitializer.java:65) |  - [info]: Máximo de conexões: 5
2023-12-06 12:03:06.885 | com.example.Product.ServerInitializer.logParalelismConfig(ServerInitializer.java:66) |  - [info]: Núcleos lógicos: 4
2023-12-06 12:03:06.885 | com.example.Product.ServerInitializer.buildConnections(ServerInitializer.java:75) |  - [info]: Criando pool de conexões
2023-12-06 12:03:07.371 | com.example.Product.ServerInitializer.buildConnections(ServerInitializer.java:77) |  - [info]: Pool de conexões inicializado
2023-12-06 12:03:07.376 | com.example.Product.ServerInitializer.onStart(ServerInitializer.java:97) |  - [info]: Transaction Isolation: read committed
2023-12-06 12:03:07.376 | com.example.Product.ServerInitializer.init(ServerInitializer.java:88) |  - [info]: Aplicação inicializada
2023-12-06 12:04:39.097 | com.example.Product.ServerInitializer.init(ServerInitializer.java:81) |  - [info]: Inicializando Aplicação
2023-12-06 12:04:39.106 | com.example.Product.ServerInitializer.buildConfiguration(ServerInitializer.java:40) |  - [info]: Carregando configurações
2023-12-06 12:04:39.115 | com.example.Product.ServerInitializer.buildConfiguration(ServerInitializer.java:42) |  - [info]: Configurações carregadas
2023-12-06 12:04:39.115 | com.example.Product.ServerInitializer.buildConfiguration(ServerInitializer.java:43) |  - [info]: Versão: 2.0.0.05
2023-12-06 12:04:39.115 | com.example.Product.ServerInitializer.logConfig(ServerInitializer.java:49) |  - [info]: db.type: Postgres
2023-12-06 12:04:39.116 | com.example.Product.ServerInitializer.logConfig(ServerInitializer.java:50) |  - [info]: db.host: localhost
2023-12-06 12:04:39.116 | com.example.Product.ServerInitializer.logConfig(ServerInitializer.java:51) |  - [info]: db.port: 5433
2023-12-06 12:04:39.116 | com.example.Product.ServerInitializer.logConfig(ServerInitializer.java:52) |  - [info]: db.name: postgres
2023-12-06 12:04:39.117 | com.example.Product.ServerInitializer.logConfig(ServerInitializer.java:53) |  - [info]: db.user: postgres
2023-12-06 12:04:39.117 | com.example.Product.ServerInitializer.logConfig(ServerInitializer.java:54) |  - [info]: db.tnsName: null
2023-12-06 12:04:39.117 | com.example.Product.ServerInitializer.logConfig(ServerInitializer.java:55) |  - [info]: db.serviceName: 
2023-12-06 12:04:39.117 | com.example.Product.ServerInitializer.logConfig(ServerInitializer.java:56) |  - [info]: db.instance: 
2023-12-06 12:04:39.118 | com.example.Product.ServerInitializer.logConfig(ServerInitializer.java:57) |  - [info]: db.maxConnections: 5
2023-12-06 12:04:39.118 | com.example.Product.ServerInitializer.logParalelismConfig(ServerInitializer.java:65) |  - [info]: Máximo de conexões: 5
2023-12-06 12:04:39.118 | com.example.Product.ServerInitializer.logParalelismConfig(ServerInitializer.java:66) |  - [info]: Núcleos lógicos: 4
2023-12-06 12:04:39.118 | com.example.Product.ServerInitializer.buildConnections(ServerInitializer.java:75) |  - [info]: Criando pool de conexões
2023-12-06 12:04:39.490 | com.example.Product.ServerInitializer.buildConnections(ServerInitializer.java:77) |  - [info]: Pool de conexões inicializado
2023-12-06 12:04:39.495 | com.example.Product.ServerInitializer.onStart(ServerInitializer.java:97) |  - [info]: Transaction Isolation: read committed
2023-12-06 12:04:39.495 | com.example.Product.ServerInitializer.init(ServerInitializer.java:88) |  - [info]: Aplicação inicializada
2023-12-06 12:10:41.929 | com.example.Product.ServerInitializer.init(ServerInitializer.java:81) |  - [info]: Inicializando Aplicação
2023-12-06 12:10:41.939 | com.example.Product.ServerInitializer.buildConfiguration(ServerInitializer.java:40) |  - [info]: Carregando configurações
2023-12-06 12:10:41.947 | com.example.Product.ServerInitializer.buildConfiguration(ServerInitializer.java:42) |  - [info]: Configurações carregadas
2023-12-06 12:10:41.947 | com.example.Product.ServerInitializer.buildConfiguration(ServerInitializer.java:43) |  - [info]: Versão: 2.0.0.05
2023-12-06 12:10:41.947 | com.example.Product.ServerInitializer.logConfig(ServerInitializer.java:49) |  - [info]: db.type: Postgres
2023-12-06 12:10:41.948 | com.example.Product.ServerInitializer.logConfig(ServerInitializer.java:50) |  - [info]: db.host: localhost
2023-12-06 12:10:41.948 | com.example.Product.ServerInitializer.logConfig(ServerInitializer.java:51) |  - [info]: db.port: 5433
2023-12-06 12:10:41.949 | com.example.Product.ServerInitializer.logConfig(ServerInitializer.java:52) |  - [info]: db.name: postgres
2023-12-06 12:10:41.949 | com.example.Product.ServerInitializer.logConfig(ServerInitializer.java:53) |  - [info]: db.user: postgres
2023-12-06 12:10:41.949 | com.example.Product.ServerInitializer.logConfig(ServerInitializer.java:54) |  - [info]: db.tnsName: null
2023-12-06 12:10:41.949 | com.example.Product.ServerInitializer.logConfig(ServerInitializer.java:55) |  - [info]: db.serviceName: 
2023-12-06 12:10:41.950 | com.example.Product.ServerInitializer.logConfig(ServerInitializer.java:56) |  - [info]: db.instance: 
2023-12-06 12:10:41.950 | com.example.Product.ServerInitializer.logConfig(ServerInitializer.java:57) |  - [info]: db.maxConnections: 5
2023-12-06 12:10:41.950 | com.example.Product.ServerInitializer.logParalelismConfig(ServerInitializer.java:65) |  - [info]: Máximo de conexões: 5
2023-12-06 12:10:41.950 | com.example.Product.ServerInitializer.logParalelismConfig(ServerInitializer.java:66) |  - [info]: Núcleos lógicos: 4
2023-12-06 12:10:41.951 | com.example.Product.ServerInitializer.buildConnections(ServerInitializer.java:75) |  - [info]: Criando pool de conexões
2023-12-06 12:10:42.423 | com.example.Product.ServerInitializer.buildConnections(ServerInitializer.java:77) |  - [info]: Pool de conexões inicializado
2023-12-06 12:10:42.427 | com.example.Product.ServerInitializer.onStart(ServerInitializer.java:97) |  - [info]: Transaction Isolation: read committed
2023-12-06 12:10:42.428 | com.example.Product.ServerInitializer.init(ServerInitializer.java:88) |  - [info]: Aplicação inicializada
2023-12-06 12:13:15.414 | com.example.Product.ServerInitializer.init(ServerInitializer.java:81) |  - [info]: Inicializando Aplicação
2023-12-06 12:13:15.427 | com.example.Product.ServerInitializer.buildConfiguration(ServerInitializer.java:40) |  - [info]: Carregando configurações
2023-12-06 12:13:15.436 | com.example.Product.ServerInitializer.buildConfiguration(ServerInitializer.java:42) |  - [info]: Configurações carregadas
2023-12-06 12:13:15.436 | com.example.Product.ServerInitializer.buildConfiguration(ServerInitializer.java:43) |  - [info]: Versão: 2.0.0.05
2023-12-06 12:13:15.436 | com.example.Product.ServerInitializer.logConfig(ServerInitializer.java:49) |  - [info]: db.type: Postgres
2023-12-06 12:13:15.437 | com.example.Product.ServerInitializer.logConfig(ServerInitializer.java:50) |  - [info]: db.host: localhost
2023-12-06 12:13:15.437 | com.example.Product.ServerInitializer.logConfig(ServerInitializer.java:51) |  - [info]: db.port: 5433
2023-12-06 12:13:15.437 | com.example.Product.ServerInitializer.logConfig(ServerInitializer.java:52) |  - [info]: db.name: postgres
2023-12-06 12:13:15.437 | com.example.Product.ServerInitializer.logConfig(ServerInitializer.java:53) |  - [info]: db.user: postgres
2023-12-06 12:13:15.437 | com.example.Product.ServerInitializer.logConfig(ServerInitializer.java:54) |  - [info]: db.tnsName: null
2023-12-06 12:13:15.438 | com.example.Product.ServerInitializer.logConfig(ServerInitializer.java:55) |  - [info]: db.serviceName: 
2023-12-06 12:13:15.438 | com.example.Product.ServerInitializer.logConfig(ServerInitializer.java:56) |  - [info]: db.instance: 
2023-12-06 12:13:15.438 | com.example.Product.ServerInitializer.logConfig(ServerInitializer.java:57) |  - [info]: db.maxConnections: 5
2023-12-06 12:13:15.438 | com.example.Product.ServerInitializer.logParalelismConfig(ServerInitializer.java:65) |  - [info]: Máximo de conexões: 5
2023-12-06 12:13:15.439 | com.example.Product.ServerInitializer.logParalelismConfig(ServerInitializer.java:66) |  - [info]: Núcleos lógicos: 4
2023-12-06 12:13:15.439 | com.example.Product.ServerInitializer.buildConnections(ServerInitializer.java:75) |  - [info]: Criando pool de conexões
2023-12-06 12:13:15.930 | com.example.Product.ServerInitializer.buildConnections(ServerInitializer.java:77) |  - [info]: Pool de conexões inicializado
2023-12-06 12:13:15.935 | com.example.Product.ServerInitializer.onStart(ServerInitializer.java:97) |  - [info]: Transaction Isolation: read committed
2023-12-06 12:13:15.936 | com.example.Product.ServerInitializer.init(ServerInitializer.java:88) |  - [info]: Aplicação inicializada
2023-12-06 13:12:49.905 | com.example.Product.ServerInitializer.init(ServerInitializer.java:81) |  - [info]: Inicializando Aplicação
2023-12-06 13:12:49.913 | com.example.Product.ServerInitializer.buildConfiguration(ServerInitializer.java:40) |  - [info]: Carregando configurações
2023-12-06 13:12:49.921 | com.example.Product.ServerInitializer.buildConfiguration(ServerInitializer.java:42) |  - [info]: Configurações carregadas
2023-12-06 13:12:49.922 | com.example.Product.ServerInitializer.buildConfiguration(ServerInitializer.java:43) |  - [info]: Versão: 2.0.0.05
2023-12-06 13:12:49.923 | com.example.Product.ServerInitializer.logConfig(ServerInitializer.java:49) |  - [info]: db.type: Postgres
2023-12-06 13:12:49.923 | com.example.Product.ServerInitializer.logConfig(ServerInitializer.java:50) |  - [info]: db.host: localhost
2023-12-06 13:12:49.924 | com.example.Product.ServerInitializer.logConfig(ServerInitializer.java:51) |  - [info]: db.port: 5433
2023-12-06 13:12:49.925 | com.example.Product.ServerInitializer.logConfig(ServerInitializer.java:52) |  - [info]: db.name: postgres
2023-12-06 13:12:49.925 | com.example.Product.ServerInitializer.logConfig(ServerInitializer.java:53) |  - [info]: db.user: postgres
2023-12-06 13:12:49.926 | com.example.Product.ServerInitializer.logConfig(ServerInitializer.java:54) |  - [info]: db.tnsName: null
2023-12-06 13:12:49.926 | com.example.Product.ServerInitializer.logConfig(ServerInitializer.java:55) |  - [info]: db.serviceName: 
2023-12-06 13:12:49.926 | com.example.Product.ServerInitializer.logConfig(ServerInitializer.java:56) |  - [info]: db.instance: 
2023-12-06 13:12:49.927 | com.example.Product.ServerInitializer.logConfig(ServerInitializer.java:57) |  - [info]: db.maxConnections: 5
2023-12-06 13:12:49.927 | com.example.Product.ServerInitializer.logParalelismConfig(ServerInitializer.java:65) |  - [info]: Máximo de conexões: 5
2023-12-06 13:12:49.928 | com.example.Product.ServerInitializer.logParalelismConfig(ServerInitializer.java:66) |  - [info]: Núcleos lógicos: 4
2023-12-06 13:12:49.928 | com.example.Product.ServerInitializer.buildConnections(ServerInitializer.java:75) |  - [info]: Criando pool de conexões
2023-12-06 13:12:50.299 | com.example.Product.ServerInitializer.buildConnections(ServerInitializer.java:77) |  - [info]: Pool de conexões inicializado
2023-12-06 13:12:50.304 | com.example.Product.ServerInitializer.onStart(ServerInitializer.java:97) |  - [info]: Transaction Isolation: read committed
2023-12-06 13:12:50.304 | com.example.Product.ServerInitializer.init(ServerInitializer.java:88) |  - [info]: Aplicação inicializada
2023-12-06 13:14:58.485 | com.example.Product.ServerInitializer.init(ServerInitializer.java:81) |  - [info]: Inicializando Aplicação
2023-12-06 13:14:58.494 | com.example.Product.ServerInitializer.buildConfiguration(ServerInitializer.java:40) |  - [info]: Carregando configurações
2023-12-06 13:14:58.503 | com.example.Product.ServerInitializer.buildConfiguration(ServerInitializer.java:42) |  - [info]: Configurações carregadas
2023-12-06 13:14:58.503 | com.example.Product.ServerInitializer.buildConfiguration(ServerInitializer.java:43) |  - [info]: Versão: 2.0.0.05
2023-12-06 13:14:58.503 | com.example.Product.ServerInitializer.logConfig(ServerInitializer.java:49) |  - [info]: db.type: Postgres
2023-12-06 13:14:58.504 | com.example.Product.ServerInitializer.logConfig(ServerInitializer.java:50) |  - [info]: db.host: localhost
2023-12-06 13:14:58.504 | com.example.Product.ServerInitializer.logConfig(ServerInitializer.java:51) |  - [info]: db.port: 5433
2023-12-06 13:14:58.504 | com.example.Product.ServerInitializer.logConfig(ServerInitializer.java:52) |  - [info]: db.name: postgres
2023-12-06 13:14:58.504 | com.example.Product.ServerInitializer.logConfig(ServerInitializer.java:53) |  - [info]: db.user: postgres
2023-12-06 13:14:58.504 | com.example.Product.ServerInitializer.logConfig(ServerInitializer.java:54) |  - [info]: db.tnsName: null
2023-12-06 13:14:58.505 | com.example.Product.ServerInitializer.logConfig(ServerInitializer.java:55) |  - [info]: db.serviceName: 
2023-12-06 13:14:58.505 | com.example.Product.ServerInitializer.logConfig(ServerInitializer.java:56) |  - [info]: db.instance: 
2023-12-06 13:14:58.505 | com.example.Product.ServerInitializer.logConfig(ServerInitializer.java:57) |  - [info]: db.maxConnections: 5
2023-12-06 13:14:58.505 | com.example.Product.ServerInitializer.logParalelismConfig(ServerInitializer.java:65) |  - [info]: Máximo de conexões: 5
2023-12-06 13:14:58.505 | com.example.Product.ServerInitializer.logParalelismConfig(ServerInitializer.java:66) |  - [info]: Núcleos lógicos: 4
2023-12-06 13:14:58.506 | com.example.Product.ServerInitializer.buildConnections(ServerInitializer.java:75) |  - [info]: Criando pool de conexões
2023-12-06 13:14:58.895 | com.example.Product.ServerInitializer.buildConnections(ServerInitializer.java:77) |  - [info]: Pool de conexões inicializado
2023-12-06 13:14:58.901 | com.example.Product.ServerInitializer.onStart(ServerInitializer.java:97) |  - [info]: Transaction Isolation: read committed
2023-12-06 13:14:58.901 | com.example.Product.ServerInitializer.init(ServerInitializer.java:88) |  - [info]: Aplicação inicializada
2023-12-06 13:15:14.892 | com.example.Product.ServerInitializer.init(ServerInitializer.java:81) |  - [info]: Inicializando Aplicação
2023-12-06 13:15:14.900 | com.example.Product.ServerInitializer.buildConfiguration(ServerInitializer.java:40) |  - [info]: Carregando configurações
2023-12-06 13:15:14.909 | com.example.Product.ServerInitializer.buildConfiguration(ServerInitializer.java:42) |  - [info]: Configurações carregadas
2023-12-06 13:15:14.909 | com.example.Product.ServerInitializer.buildConfiguration(ServerInitializer.java:43) |  - [info]: Versão: 2.0.0.05
2023-12-06 13:15:14.910 | com.example.Product.ServerInitializer.logConfig(ServerInitializer.java:49) |  - [info]: db.type: Postgres
2023-12-06 13:15:14.910 | com.example.Product.ServerInitializer.logConfig(ServerInitializer.java:50) |  - [info]: db.host: localhost
2023-12-06 13:15:14.910 | com.example.Product.ServerInitializer.logConfig(ServerInitializer.java:51) |  - [info]: db.port: 5433
2023-12-06 13:15:14.910 | com.example.Product.ServerInitializer.logConfig(ServerInitializer.java:52) |  - [info]: db.name: postgres
2023-12-06 13:15:14.910 | com.example.Product.ServerInitializer.logConfig(ServerInitializer.java:53) |  - [info]: db.user: postgres
2023-12-06 13:15:14.911 | com.example.Product.ServerInitializer.logConfig(ServerInitializer.java:54) |  - [info]: db.tnsName: null
2023-12-06 13:15:14.911 | com.example.Product.ServerInitializer.logConfig(ServerInitializer.java:55) |  - [info]: db.serviceName: 
2023-12-06 13:15:14.911 | com.example.Product.ServerInitializer.logConfig(ServerInitializer.java:56) |  - [info]: db.instance: 
2023-12-06 13:15:14.911 | com.example.Product.ServerInitializer.logConfig(ServerInitializer.java:57) |  - [info]: db.maxConnections: 5
2023-12-06 13:15:14.912 | com.example.Product.ServerInitializer.logParalelismConfig(ServerInitializer.java:65) |  - [info]: Máximo de conexões: 5
2023-12-06 13:15:14.912 | com.example.Product.ServerInitializer.logParalelismConfig(ServerInitializer.java:66) |  - [info]: Núcleos lógicos: 4
2023-12-06 13:15:14.912 | com.example.Product.ServerInitializer.buildConnections(ServerInitializer.java:75) |  - [info]: Criando pool de conexões
2023-12-06 13:15:15.289 | com.example.Product.ServerInitializer.buildConnections(ServerInitializer.java:77) |  - [info]: Pool de conexões inicializado
2023-12-06 13:15:15.297 | com.example.Product.ServerInitializer.onStart(ServerInitializer.java:97) |  - [info]: Transaction Isolation: read committed
2023-12-06 13:15:15.297 | com.example.Product.ServerInitializer.init(ServerInitializer.java:88) |  - [info]: Aplicação inicializada
2023-12-06 13:17:56.398 | com.example.Product.ServerInitializer.init(ServerInitializer.java:81) |  - [info]: Inicializando Aplicação
2023-12-06 13:17:56.406 | com.example.Product.ServerInitializer.buildConfiguration(ServerInitializer.java:40) |  - [info]: Carregando configurações
2023-12-06 13:17:56.414 | com.example.Product.ServerInitializer.buildConfiguration(ServerInitializer.java:42) |  - [info]: Configurações carregadas
2023-12-06 13:17:56.414 | com.example.Product.ServerInitializer.buildConfiguration(ServerInitializer.java:43) |  - [info]: Versão: 2.0.0.05
2023-12-06 13:17:56.414 | com.example.Product.ServerInitializer.logConfig(ServerInitializer.java:49) |  - [info]: db.type: Postgres
2023-12-06 13:17:56.415 | com.example.Product.ServerInitializer.logConfig(ServerInitializer.java:50) |  - [info]: db.host: localhost
2023-12-06 13:17:56.415 | com.example.Product.ServerInitializer.logConfig(ServerInitializer.java:51) |  - [info]: db.port: 5433
2023-12-06 13:17:56.416 | com.example.Product.ServerInitializer.logConfig(ServerInitializer.java:52) |  - [info]: db.name: postgres
2023-12-06 13:17:56.416 | com.example.Product.ServerInitializer.logConfig(ServerInitializer.java:53) |  - [info]: db.user: postgres
2023-12-06 13:17:56.416 | com.example.Product.ServerInitializer.logConfig(ServerInitializer.java:54) |  - [info]: db.tnsName: null
2023-12-06 13:17:56.417 | com.example.Product.ServerInitializer.logConfig(ServerInitializer.java:55) |  - [info]: db.serviceName: 
2023-12-06 13:17:56.417 | com.example.Product.ServerInitializer.logConfig(ServerInitializer.java:56) |  - [info]: db.instance: 
2023-12-06 13:17:56.417 | com.example.Product.ServerInitializer.logConfig(ServerInitializer.java:57) |  - [info]: db.maxConnections: 5
2023-12-06 13:17:56.417 | com.example.Product.ServerInitializer.logParalelismConfig(ServerInitializer.java:65) |  - [info]: Máximo de conexões: 5
2023-12-06 13:17:56.418 | com.example.Product.ServerInitializer.logParalelismConfig(ServerInitializer.java:66) |  - [info]: Núcleos lógicos: 4
2023-12-06 13:17:56.418 | com.example.Product.ServerInitializer.buildConnections(ServerInitializer.java:75) |  - [info]: Criando pool de conexões
2023-12-06 13:17:56.754 | com.example.Product.ServerInitializer.buildConnections(ServerInitializer.java:77) |  - [info]: Pool de conexões inicializado
2023-12-06 13:17:56.758 | com.example.Product.ServerInitializer.onStart(ServerInitializer.java:97) |  - [info]: Transaction Isolation: read committed
2023-12-06 13:17:56.759 | com.example.Product.ServerInitializer.init(ServerInitializer.java:88) |  - [info]: Aplicação inicializada
2023-12-06 13:46:53.105 | com.example.Product.ServerInitializer.init(ServerInitializer.java:81) |  - [info]: Inicializando Aplicação
2023-12-06 13:46:53.113 | com.example.Product.ServerInitializer.buildConfiguration(ServerInitializer.java:40) |  - [info]: Carregando configurações
2023-12-06 13:46:53.120 | com.example.Product.ServerInitializer.buildConfiguration(ServerInitializer.java:42) |  - [info]: Configurações carregadas
2023-12-06 13:46:53.120 | com.example.Product.ServerInitializer.buildConfiguration(ServerInitializer.java:43) |  - [info]: Versão: 2.0.0.05
2023-12-06 13:46:53.120 | com.example.Product.ServerInitializer.logConfig(ServerInitializer.java:49) |  - [info]: db.type: Postgres
2023-12-06 13:46:53.120 | com.example.Product.ServerInitializer.logConfig(ServerInitializer.java:50) |  - [info]: db.host: localhost
2023-12-06 13:46:53.121 | com.example.Product.ServerInitializer.logConfig(ServerInitializer.java:51) |  - [info]: db.port: 5433
2023-12-06 13:46:53.121 | com.example.Product.ServerInitializer.logConfig(ServerInitializer.java:52) |  - [info]: db.name: postgres
2023-12-06 13:46:53.121 | com.example.Product.ServerInitializer.logConfig(ServerInitializer.java:53) |  - [info]: db.user: postgres
2023-12-06 13:46:53.121 | com.example.Product.ServerInitializer.logConfig(ServerInitializer.java:54) |  - [info]: db.tnsName: null
2023-12-06 13:46:53.122 | com.example.Product.ServerInitializer.logConfig(ServerInitializer.java:55) |  - [info]: db.serviceName: 
2023-12-06 13:46:53.122 | com.example.Product.ServerInitializer.logConfig(ServerInitializer.java:56) |  - [info]: db.instance: 
2023-12-06 13:46:53.122 | com.example.Product.ServerInitializer.logConfig(ServerInitializer.java:57) |  - [info]: db.maxConnections: 5
2023-12-06 13:46:53.122 | com.example.Product.ServerInitializer.logParalelismConfig(ServerInitializer.java:65) |  - [info]: Máximo de conexões: 5
2023-12-06 13:46:53.122 | com.example.Product.ServerInitializer.logParalelismConfig(ServerInitializer.java:66) |  - [info]: Núcleos lógicos: 4
2023-12-06 13:46:53.123 | com.example.Product.ServerInitializer.buildConnections(ServerInitializer.java:75) |  - [info]: Criando pool de conexões
2023-12-06 13:46:53.694 | com.example.Product.ServerInitializer.buildConnections(ServerInitializer.java:77) |  - [info]: Pool de conexões inicializado
2023-12-06 13:46:53.699 | com.example.Product.ServerInitializer.onStart(ServerInitializer.java:97) |  - [info]: Transaction Isolation: read committed
2023-12-06 13:46:53.699 | com.example.Product.ServerInitializer.init(ServerInitializer.java:88) |  - [info]: Aplicação inicializada
2023-12-06 14:04:42.319 | com.example.Product.ServerInitializer.init(ServerInitializer.java:81) |  - [info]: Inicializando Aplicação
2023-12-06 14:04:42.327 | com.example.Product.ServerInitializer.buildConfiguration(ServerInitializer.java:40) |  - [info]: Carregando configurações
2023-12-06 14:04:42.334 | com.example.Product.ServerInitializer.buildConfiguration(ServerInitializer.java:42) |  - [info]: Configurações carregadas
2023-12-06 14:04:42.335 | com.example.Product.ServerInitializer.buildConfiguration(ServerInitializer.java:43) |  - [info]: Versão: 2.0.0.05
2023-12-06 14:04:42.335 | com.example.Product.ServerInitializer.logConfig(ServerInitializer.java:49) |  - [info]: db.type: Postgres
2023-12-06 14:04:42.335 | com.example.Product.ServerInitializer.logConfig(ServerInitializer.java:50) |  - [info]: db.host: localhost
2023-12-06 14:04:42.335 | com.example.Product.ServerInitializer.logConfig(ServerInitializer.java:51) |  - [info]: db.port: 5433
2023-12-06 14:04:42.335 | com.example.Product.ServerInitializer.logConfig(ServerInitializer.java:52) |  - [info]: db.name: postgres
2023-12-06 14:04:42.336 | com.example.Product.ServerInitializer.logConfig(ServerInitializer.java:53) |  - [info]: db.user: postgres
2023-12-06 14:04:42.336 | com.example.Product.ServerInitializer.logConfig(ServerInitializer.java:54) |  - [info]: db.tnsName: null
2023-12-06 14:04:42.336 | com.example.Product.ServerInitializer.logConfig(ServerInitializer.java:55) |  - [info]: db.serviceName: 
2023-12-06 14:04:42.336 | com.example.Product.ServerInitializer.logConfig(ServerInitializer.java:56) |  - [info]: db.instance: 
2023-12-06 14:04:42.337 | com.example.Product.ServerInitializer.logConfig(ServerInitializer.java:57) |  - [info]: db.maxConnections: 5
2023-12-06 14:04:42.337 | com.example.Product.ServerInitializer.logParalelismConfig(ServerInitializer.java:65) |  - [info]: Máximo de conexões: 5
2023-12-06 14:04:42.337 | com.example.Product.ServerInitializer.logParalelismConfig(ServerInitializer.java:66) |  - [info]: Núcleos lógicos: 4
2023-12-06 14:04:42.337 | com.example.Product.ServerInitializer.buildConnections(ServerInitializer.java:75) |  - [info]: Criando pool de conexões
2023-12-06 14:04:42.677 | com.example.Product.ServerInitializer.buildConnections(ServerInitializer.java:77) |  - [info]: Pool de conexões inicializado
2023-12-06 14:04:42.682 | com.example.Product.ServerInitializer.onStart(ServerInitializer.java:97) |  - [info]: Transaction Isolation: read committed
2023-12-06 14:04:42.684 | com.example.Product.ServerInitializer.init(ServerInitializer.java:88) |  - [info]: Aplicação inicializada
