2023-12-12 08:31:50.637 | com.example.Product.ServerInitializer.init(ServerInitializer.java:81) |  - [info]: Inicializando Aplicação
2023-12-12 08:31:50.648 | com.example.Product.ServerInitializer.buildConfiguration(ServerInitializer.java:40) |  - [info]: Carregando configurações
2023-12-12 08:31:50.658 | com.example.Product.ServerInitializer.buildConfiguration(ServerInitializer.java:42) |  - [info]: Configurações carregadas
2023-12-12 08:31:50.658 | com.example.Product.ServerInitializer.buildConfiguration(ServerInitializer.java:43) |  - [info]: Versão: 2.0.0.05
2023-12-12 08:31:50.659 | com.example.Product.ServerInitializer.logConfig(ServerInitializer.java:49) |  - [info]: db.type: Postgres
2023-12-12 08:31:50.659 | com.example.Product.ServerInitializer.logConfig(ServerInitializer.java:50) |  - [info]: db.host: localhost
2023-12-12 08:31:50.659 | com.example.Product.ServerInitializer.logConfig(ServerInitializer.java:51) |  - [info]: db.port: 5433
2023-12-12 08:31:50.660 | com.example.Product.ServerInitializer.logConfig(ServerInitializer.java:52) |  - [info]: db.name: postgres
2023-12-12 08:31:50.660 | com.example.Product.ServerInitializer.logConfig(ServerInitializer.java:53) |  - [info]: db.user: postgres
2023-12-12 08:31:50.660 | com.example.Product.ServerInitializer.logConfig(ServerInitializer.java:54) |  - [info]: db.tnsName: null
2023-12-12 08:31:50.661 | com.example.Product.ServerInitializer.logConfig(ServerInitializer.java:55) |  - [info]: db.serviceName: 
2023-12-12 08:31:50.661 | com.example.Product.ServerInitializer.logConfig(ServerInitializer.java:56) |  - [info]: db.instance: 
2023-12-12 08:31:50.661 | com.example.Product.ServerInitializer.logConfig(ServerInitializer.java:57) |  - [info]: db.maxConnections: 5
2023-12-12 08:31:50.662 | com.example.Product.ServerInitializer.logParalelismConfig(ServerInitializer.java:65) |  - [info]: Máximo de conexões: 5
2023-12-12 08:31:50.662 | com.example.Product.ServerInitializer.logParalelismConfig(ServerInitializer.java:66) |  - [info]: Núcleos lógicos: 4
2023-12-12 08:31:50.662 | com.example.Product.ServerInitializer.buildConnections(ServerInitializer.java:75) |  - [info]: Criando pool de conexões
2023-12-12 08:31:51.155 | com.example.Product.ServerInitializer.buildConnections(ServerInitializer.java:77) |  - [info]: Pool de conexões inicializado
2023-12-12 08:31:51.167 | com.example.Product.ServerInitializer.onStart(ServerInitializer.java:97) |  - [info]: Transaction Isolation: read committed
2023-12-12 08:31:51.168 | com.example.Product.ServerInitializer.init(ServerInitializer.java:88) |  - [info]: Aplicação inicializada
2023-12-12 09:43:24.208 | com.example.Product.ServerInitializer.init(ServerInitializer.java:81) |  - [info]: Inicializando Aplicação
2023-12-12 09:43:24.216 | com.example.Product.ServerInitializer.buildConfiguration(ServerInitializer.java:40) |  - [info]: Carregando configurações
2023-12-12 09:43:24.223 | com.example.Product.ServerInitializer.buildConfiguration(ServerInitializer.java:42) |  - [info]: Configurações carregadas
2023-12-12 09:43:24.224 | com.example.Product.ServerInitializer.buildConfiguration(ServerInitializer.java:43) |  - [info]: Versão: 2.0.0.05
2023-12-12 09:43:24.224 | com.example.Product.ServerInitializer.logConfig(ServerInitializer.java:49) |  - [info]: db.type: Postgres
2023-12-12 09:43:24.225 | com.example.Product.ServerInitializer.logConfig(ServerInitializer.java:50) |  - [info]: db.host: localhost
2023-12-12 09:43:24.225 | com.example.Product.ServerInitializer.logConfig(ServerInitializer.java:51) |  - [info]: db.port: 5433
2023-12-12 09:43:24.225 | com.example.Product.ServerInitializer.logConfig(ServerInitializer.java:52) |  - [info]: db.name: postgres
2023-12-12 09:43:24.225 | com.example.Product.ServerInitializer.logConfig(ServerInitializer.java:53) |  - [info]: db.user: postgres
2023-12-12 09:43:24.226 | com.example.Product.ServerInitializer.logConfig(ServerInitializer.java:54) |  - [info]: db.tnsName: null
2023-12-12 09:43:24.227 | com.example.Product.ServerInitializer.logConfig(ServerInitializer.java:55) |  - [info]: db.serviceName: 
2023-12-12 09:43:24.227 | com.example.Product.ServerInitializer.logConfig(ServerInitializer.java:56) |  - [info]: db.instance: 
2023-12-12 09:43:24.227 | com.example.Product.ServerInitializer.logConfig(ServerInitializer.java:57) |  - [info]: db.maxConnections: 5
2023-12-12 09:43:24.227 | com.example.Product.ServerInitializer.logParalelismConfig(ServerInitializer.java:65) |  - [info]: Máximo de conexões: 5
2023-12-12 09:43:24.228 | com.example.Product.ServerInitializer.logParalelismConfig(ServerInitializer.java:66) |  - [info]: Núcleos lógicos: 4
2023-12-12 09:43:24.228 | com.example.Product.ServerInitializer.buildConnections(ServerInitializer.java:75) |  - [info]: Criando pool de conexões
2023-12-12 09:43:24.671 | com.example.Product.ServerInitializer.buildConnections(ServerInitializer.java:77) |  - [info]: Pool de conexões inicializado
2023-12-12 09:43:24.676 | com.example.Product.ServerInitializer.onStart(ServerInitializer.java:97) |  - [info]: Transaction Isolation: read committed
2023-12-12 09:43:24.677 | com.example.Product.ServerInitializer.init(ServerInitializer.java:88) |  - [info]: Aplicação inicializada
2023-12-12 09:51:28.559 | com.example.Product.ServerInitializer.init(ServerInitializer.java:81) |  - [info]: Inicializando Aplicação
2023-12-12 09:51:28.571 | com.example.Product.ServerInitializer.buildConfiguration(ServerInitializer.java:40) |  - [info]: Carregando configurações
2023-12-12 09:51:28.579 | com.example.Product.ServerInitializer.buildConfiguration(ServerInitializer.java:42) |  - [info]: Configurações carregadas
2023-12-12 09:51:28.579 | com.example.Product.ServerInitializer.buildConfiguration(ServerInitializer.java:43) |  - [info]: Versão: 2.0.0.05
2023-12-12 09:51:28.579 | com.example.Product.ServerInitializer.logConfig(ServerInitializer.java:49) |  - [info]: db.type: Postgres
2023-12-12 09:51:28.580 | com.example.Product.ServerInitializer.logConfig(ServerInitializer.java:50) |  - [info]: db.host: localhost
2023-12-12 09:51:28.580 | com.example.Product.ServerInitializer.logConfig(ServerInitializer.java:51) |  - [info]: db.port: 5433
2023-12-12 09:51:28.580 | com.example.Product.ServerInitializer.logConfig(ServerInitializer.java:52) |  - [info]: db.name: postgres
2023-12-12 09:51:28.580 | com.example.Product.ServerInitializer.logConfig(ServerInitializer.java:53) |  - [info]: db.user: postgres
2023-12-12 09:51:28.581 | com.example.Product.ServerInitializer.logConfig(ServerInitializer.java:54) |  - [info]: db.tnsName: null
2023-12-12 09:51:28.581 | com.example.Product.ServerInitializer.logConfig(ServerInitializer.java:55) |  - [info]: db.serviceName: 
2023-12-12 09:51:28.581 | com.example.Product.ServerInitializer.logConfig(ServerInitializer.java:56) |  - [info]: db.instance: 
2023-12-12 09:51:28.581 | com.example.Product.ServerInitializer.logConfig(ServerInitializer.java:57) |  - [info]: db.maxConnections: 5
2023-12-12 09:51:28.582 | com.example.Product.ServerInitializer.logParalelismConfig(ServerInitializer.java:65) |  - [info]: Máximo de conexões: 5
2023-12-12 09:51:28.582 | com.example.Product.ServerInitializer.logParalelismConfig(ServerInitializer.java:66) |  - [info]: Núcleos lógicos: 4
2023-12-12 09:51:28.582 | com.example.Product.ServerInitializer.buildConnections(ServerInitializer.java:75) |  - [info]: Criando pool de conexões
2023-12-12 09:51:28.964 | com.example.Product.ServerInitializer.buildConnections(ServerInitializer.java:77) |  - [info]: Pool de conexões inicializado
2023-12-12 09:51:28.968 | com.example.Product.ServerInitializer.onStart(ServerInitializer.java:97) |  - [info]: Transaction Isolation: read committed
2023-12-12 09:51:28.968 | com.example.Product.ServerInitializer.init(ServerInitializer.java:88) |  - [info]: Aplicação inicializada
2023-12-12 09:56:46.029 | com.example.Product.ServerInitializer.init(ServerInitializer.java:81) |  - [info]: Inicializando Aplicação
2023-12-12 09:56:46.037 | com.example.Product.ServerInitializer.buildConfiguration(ServerInitializer.java:40) |  - [info]: Carregando configurações
2023-12-12 09:56:46.045 | com.example.Product.ServerInitializer.buildConfiguration(ServerInitializer.java:42) |  - [info]: Configurações carregadas
2023-12-12 09:56:46.045 | com.example.Product.ServerInitializer.buildConfiguration(ServerInitializer.java:43) |  - [info]: Versão: 2.0.0.05
2023-12-12 09:56:46.046 | com.example.Product.ServerInitializer.logConfig(ServerInitializer.java:49) |  - [info]: db.type: Postgres
2023-12-12 09:56:46.046 | com.example.Product.ServerInitializer.logConfig(ServerInitializer.java:50) |  - [info]: db.host: localhost
2023-12-12 09:56:46.046 | com.example.Product.ServerInitializer.logConfig(ServerInitializer.java:51) |  - [info]: db.port: 5433
2023-12-12 09:56:46.046 | com.example.Product.ServerInitializer.logConfig(ServerInitializer.java:52) |  - [info]: db.name: postgres
2023-12-12 09:56:46.046 | com.example.Product.ServerInitializer.logConfig(ServerInitializer.java:53) |  - [info]: db.user: postgres
2023-12-12 09:56:46.047 | com.example.Product.ServerInitializer.logConfig(ServerInitializer.java:54) |  - [info]: db.tnsName: null
2023-12-12 09:56:46.047 | com.example.Product.ServerInitializer.logConfig(ServerInitializer.java:55) |  - [info]: db.serviceName: 
2023-12-12 09:56:46.047 | com.example.Product.ServerInitializer.logConfig(ServerInitializer.java:56) |  - [info]: db.instance: 
2023-12-12 09:56:46.047 | com.example.Product.ServerInitializer.logConfig(ServerInitializer.java:57) |  - [info]: db.maxConnections: 5
2023-12-12 09:56:46.048 | com.example.Product.ServerInitializer.logParalelismConfig(ServerInitializer.java:65) |  - [info]: Máximo de conexões: 5
2023-12-12 09:56:46.048 | com.example.Product.ServerInitializer.logParalelismConfig(ServerInitializer.java:66) |  - [info]: Núcleos lógicos: 4
2023-12-12 09:56:46.048 | com.example.Product.ServerInitializer.buildConnections(ServerInitializer.java:75) |  - [info]: Criando pool de conexões
2023-12-12 09:56:46.405 | com.example.Product.ServerInitializer.buildConnections(ServerInitializer.java:77) |  - [info]: Pool de conexões inicializado
2023-12-12 09:56:46.408 | com.example.Product.ServerInitializer.onStart(ServerInitializer.java:97) |  - [info]: Transaction Isolation: read committed
2023-12-12 09:56:46.409 | com.example.Product.ServerInitializer.init(ServerInitializer.java:88) |  - [info]: Aplicação inicializada
2023-12-12 09:58:09.655 | com.example.Product.ServerInitializer.init(ServerInitializer.java:81) |  - [info]: Inicializando Aplicação
2023-12-12 09:58:09.663 | com.example.Product.ServerInitializer.buildConfiguration(ServerInitializer.java:40) |  - [info]: Carregando configurações
2023-12-12 09:58:09.672 | com.example.Product.ServerInitializer.buildConfiguration(ServerInitializer.java:42) |  - [info]: Configurações carregadas
2023-12-12 09:58:09.673 | com.example.Product.ServerInitializer.buildConfiguration(ServerInitializer.java:43) |  - [info]: Versão: 2.0.0.05
2023-12-12 09:58:09.673 | com.example.Product.ServerInitializer.logConfig(ServerInitializer.java:49) |  - [info]: db.type: Postgres
2023-12-12 09:58:09.673 | com.example.Product.ServerInitializer.logConfig(ServerInitializer.java:50) |  - [info]: db.host: localhost
2023-12-12 09:58:09.674 | com.example.Product.ServerInitializer.logConfig(ServerInitializer.java:51) |  - [info]: db.port: 5433
2023-12-12 09:58:09.674 | com.example.Product.ServerInitializer.logConfig(ServerInitializer.java:52) |  - [info]: db.name: postgres
2023-12-12 09:58:09.674 | com.example.Product.ServerInitializer.logConfig(ServerInitializer.java:53) |  - [info]: db.user: postgres
2023-12-12 09:58:09.674 | com.example.Product.ServerInitializer.logConfig(ServerInitializer.java:54) |  - [info]: db.tnsName: null
2023-12-12 09:58:09.675 | com.example.Product.ServerInitializer.logConfig(ServerInitializer.java:55) |  - [info]: db.serviceName: 
2023-12-12 09:58:09.675 | com.example.Product.ServerInitializer.logConfig(ServerInitializer.java:56) |  - [info]: db.instance: 
2023-12-12 09:58:09.675 | com.example.Product.ServerInitializer.logConfig(ServerInitializer.java:57) |  - [info]: db.maxConnections: 5
2023-12-12 09:58:09.676 | com.example.Product.ServerInitializer.logParalelismConfig(ServerInitializer.java:65) |  - [info]: Máximo de conexões: 5
2023-12-12 09:58:09.676 | com.example.Product.ServerInitializer.logParalelismConfig(ServerInitializer.java:66) |  - [info]: Núcleos lógicos: 4
2023-12-12 09:58:09.677 | com.example.Product.ServerInitializer.buildConnections(ServerInitializer.java:75) |  - [info]: Criando pool de conexões
2023-12-12 09:58:10.051 | com.example.Product.ServerInitializer.buildConnections(ServerInitializer.java:77) |  - [info]: Pool de conexões inicializado
2023-12-12 09:58:10.056 | com.example.Product.ServerInitializer.onStart(ServerInitializer.java:97) |  - [info]: Transaction Isolation: read committed
2023-12-12 09:58:10.057 | com.example.Product.ServerInitializer.init(ServerInitializer.java:88) |  - [info]: Aplicação inicializada
